[2024-05-15 14:03:47,192] INFO     (lp.Manager                                        ) : application started
[2024-05-15 14:07:09,702] INFO     (lp.Manager                                        ) : application started
[2024-05-15 14:07:30,486] INFO     (lp.Manager                                        ) : application started
[2024-05-15 14:09:16,507] INFO     (lp.Manager                                        ) : application started
[2024-05-15 14:09:30,592] INFO     (lp.Manager                                        ) : application started
[2024-05-15 14:33:13,377] INFO     (lp.Manager                                        ) : application started
[2024-05-15 14:38:35,268] INFO     (lp.Manager                                        ) : application started
[2024-05-15 14:38:36,046] INFO     (lp.Manager                                        ) : application started
[2024-05-15 14:44:39,792] INFO     (lp.be.serviceimpl.FileServiceImpl                 ) : test
[2024-05-15 14:49:32,990] INFO     (lp.be.serviceimpl.FileServiceImpl                 ) : config.properties
[2024-05-15 14:49:32,996] INFO     (lp.be.serviceimpl.FileServiceImpl                 ) : class lp.be.serviceimpl.FileServiceImpl
[2024-05-15 14:49:32,996] INFO     (lp.be.serviceimpl.FileServiceImpl                 ) : null
[2024-05-15 14:50:24,057] INFO     (lp.be.serviceimpl.FileServiceImpl                 ) : config.properties
[2024-05-15 14:50:24,063] INFO     (lp.be.serviceimpl.FileServiceImpl                 ) : class lp.be.serviceimpl.FileServiceImpl
[2024-05-15 14:50:24,064] INFO     (lp.be.serviceimpl.FileServiceImpl                 ) : null
[2024-05-15 14:51:10,198] INFO     (lp.be.serviceimpl.FileServiceImpl                 ) : config.properties
[2024-05-15 14:51:10,204] INFO     (lp.be.serviceimpl.FileServiceImpl                 ) : class lp.be.serviceimpl.FileServiceImpl
[2024-05-15 14:51:10,204] INFO     (lp.be.serviceimpl.FileServiceImpl                 ) : null
[2024-05-15 14:52:22,151] INFO     (lp.Manager                                        ) : application started
[2024-05-15 14:52:22,914] INFO     (lp.Manager                                        ) : application started
[2024-05-15 14:52:39,072] INFO     (lp.Manager                                        ) : application started
[2024-05-15 14:52:39,874] INFO     (lp.Manager                                        ) : application started
[2024-05-15 14:53:17,286] INFO     (lp.Manager                                        ) : application started
[2024-05-15 14:53:44,301] INFO     (lp.Manager                                        ) : application started
[2024-05-15 14:54:26,540] INFO     (lp.Manager                                        ) : application started
